<?xml version="1.0" encoding="UTF-8" standalone="no"?>
<!DOCTYPE log SYSTEM "logger.dtd">
<log>
<record>
  <date>2018-09-06T14:13:39.794-0300</date>
  <logger>MATHEUS SILVA ARAUJO</logger>
  <level>FINE</level>
  <message>File 117210375-MATHEUS SILVA ARAUJO.zip was received. It was sent by MATHEUS SILVA ARAUJO from IP 150.165.42.193</message>
</record>
</log>
<?xml version="1.0" encoding="UTF-8" standalone="no"?>
<!DOCTYPE log SYSTEM "logger.dtd">
<log>
<record>
  <date>2018-09-07T13:23:32.750-0300</date>
  <logger>MATHEUS SILVA ARAUJO</logger>
  <level>FINE</level>
  <message>File 117210375-MATHEUS SILVA ARAUJO.zip was received. It was sent by MATHEUS SILVA ARAUJO from IP 192.168.254.102</message>
</record>
</log>
<?xml version="1.0" encoding="UTF-8" standalone="no"?>
<!DOCTYPE log SYSTEM "logger.dtd">
<log>
<record>
  <date>2018-09-07T13:28:55.257-0300</date>
  <logger>MATHEUS SILVA ARAUJO</logger>
  <level>FINE</level>
  <message>File 117210375-MATHEUS SILVA ARAUJO.zip was received. It was sent by MATHEUS SILVA ARAUJO from IP 192.168.254.102</message>
</record>
</log>
<?xml version="1.0" encoding="UTF-8" standalone="no"?>
<!DOCTYPE log SYSTEM "logger.dtd">
<log>
<record>
  <date>2018-09-07T13:36:14.921-0300</date>
  <logger>MATHEUS SILVA ARAUJO</logger>
  <level>FINE</level>
  <message>File 117210375-MATHEUS SILVA ARAUJO.zip was received. It was sent by MATHEUS SILVA ARAUJO from IP 192.168.254.102</message>
</record>
</log>
<?xml version="1.0" encoding="UTF-8" standalone="no"?>
<!DOCTYPE log SYSTEM "logger.dtd">
<log>
<record>
  <date>2018-09-07T13:47:55.326-0300</date>
  <logger>MATHEUS SILVA ARAUJO</logger>
  <level>FINE</level>
  <message>File 117210375-MATHEUS SILVA ARAUJO.zip was received. It was sent by MATHEUS SILVA ARAUJO from IP 192.168.254.102</message>
</record>
</log>
<?xml version="1.0" encoding="UTF-8" standalone="no"?>
<!DOCTYPE log SYSTEM "logger.dtd">
<log>
<record>
  <date>2018-09-07T14:04:49.040-0300</date>
  <logger>MATHEUS SILVA ARAUJO</logger>
  <level>FINE</level>
  <message>File 117210375-MATHEUS SILVA ARAUJO.zip was received. It was sent by MATHEUS SILVA ARAUJO from IP 192.168.254.102</message>
</record>
</log>
<?xml version="1.0" encoding="UTF-8" standalone="no"?>
<!DOCTYPE log SYSTEM "logger.dtd">
<log>
<record>
  <date>2018-09-07T14:06:09.414-0300</date>
  <logger>MATHEUS SILVA ARAUJO</logger>
  <level>FINE</level>
  <message>File 117210375-MATHEUS SILVA ARAUJO.zip was received. It was sent by MATHEUS SILVA ARAUJO from IP 192.168.254.102</message>
</record>
</log>
<?xml version="1.0" encoding="UTF-8" standalone="no"?>
<!DOCTYPE log SYSTEM "logger.dtd">
<log>
<record>
  <date>2018-09-07T14:07:06.955-0300</date>
  <logger>MATHEUS SILVA ARAUJO</logger>
  <level>FINE</level>
  <message>File 117210375-MATHEUS SILVA ARAUJO.zip was received. It was sent by MATHEUS SILVA ARAUJO from IP 192.168.254.102</message>
</record>
</log>
<?xml version="1.0" encoding="UTF-8" standalone="no"?>
<!DOCTYPE log SYSTEM "logger.dtd">
<log>
<record>
  <date>2018-09-07T14:10:50.694-0300</date>
  <logger>MATHEUS SILVA ARAUJO</logger>
  <level>FINE</level>
  <message>File 117210375-MATHEUS SILVA ARAUJO.zip was received. It was sent by MATHEUS SILVA ARAUJO from IP 192.168.254.102</message>
</record>
</log>
<?xml version="1.0" encoding="UTF-8" standalone="no"?>
<!DOCTYPE log SYSTEM "logger.dtd">
<log>
<record>
  <date>2018-09-07T14:21:46.359-0300</date>
  <logger>MATHEUS SILVA ARAUJO</logger>
  <level>FINE</level>
  <message>File 117210375-MATHEUS SILVA ARAUJO.zip was received. It was sent by MATHEUS SILVA ARAUJO from IP 192.168.254.102</message>
</record>
