<?xml version="1.0" encoding="UTF-8" standalone="no"?>
<!DOCTYPE log SYSTEM "logger.dtd">
<log>
<record>
  <date>2018-09-10T16:05:11.203-0300</date>
  <logger>MATHEUS SILVA ARAUJO</logger>
  <level>FINE</level>
  <message>File 117210375-MATHEUS SILVA ARAUJO.zip was received. It was sent by MATHEUS SILVA ARAUJO from IP 150.165.42.210</message>
</record>
</log>
<?xml version="1.0" encoding="UTF-8" standalone="no"?>
<!DOCTYPE log SYSTEM "logger.dtd">
<log>
<record>
  <date>2018-09-10T16:57:57.677-0300</date>
  <logger>MATHEUS SILVA ARAUJO</logger>
  <level>FINE</level>
  <message>File 117210375-MATHEUS SILVA ARAUJO.zip was received. It was sent by MATHEUS SILVA ARAUJO from IP 150.165.42.210</message>
</record>
</log>
<?xml version="1.0" encoding="UTF-8" standalone="no"?>
<!DOCTYPE log SYSTEM "logger.dtd">
<log>
<record>
  <date>2018-09-10T17:05:13.269-0300</date>
  <logger>MATHEUS SILVA ARAUJO</logger>
  <level>FINE</level>
  <message>File 117210375-MATHEUS SILVA ARAUJO.zip was received. It was sent by MATHEUS SILVA ARAUJO from IP 150.165.42.210</message>
</record>
</log>
<?xml version="1.0" encoding="UTF-8" standalone="no"?>
<!DOCTYPE log SYSTEM "logger.dtd">
<log>
<record>
  <date>2018-09-10T17:07:35.582-0300</date>
  <logger>MATHEUS SILVA ARAUJO</logger>
  <level>FINE</level>
  <message>File 117210375-MATHEUS SILVA ARAUJO.zip was received. It was sent by MATHEUS SILVA ARAUJO from IP 150.165.42.210</message>
</record>
</log>
<?xml version="1.0" encoding="UTF-8" standalone="no"?>
<!DOCTYPE log SYSTEM "logger.dtd">
<log>
<record>
  <date>2018-09-10T17:19:21.205-0300</date>
  <logger>MATHEUS SILVA ARAUJO</logger>
  <level>FINE</level>
  <message>File 117210375-MATHEUS SILVA ARAUJO.zip was received. It was sent by MATHEUS SILVA ARAUJO from IP 150.165.42.210</message>
</record>
</log>
<?xml version="1.0" encoding="UTF-8" standalone="no"?>
<!DOCTYPE log SYSTEM "logger.dtd">
<log>
<record>
  <date>2018-09-10T17:23:11.061-0300</date>
  <logger>MATHEUS SILVA ARAUJO</logger>
  <level>FINE</level>
  <message>File 117210375-MATHEUS SILVA ARAUJO.zip was received. It was sent by MATHEUS SILVA ARAUJO from IP 150.165.42.210</message>
</record>
</log>
<?xml version="1.0" encoding="UTF-8" standalone="no"?>
<!DOCTYPE log SYSTEM "logger.dtd">
<log>
<record>
  <date>2018-09-10T21:09:08.693-0300</date>
  <logger>MATHEUS SILVA ARAUJO</logger>
  <level>FINE</level>
  <message>File 117210375-MATHEUS SILVA ARAUJO.zip was received. It was sent by MATHEUS SILVA ARAUJO from IP 192.168.0.103</message>
</record>
</log>
<?xml version="1.0" encoding="UTF-8" standalone="no"?>
<!DOCTYPE log SYSTEM "logger.dtd">
<log>
<record>
  <date>2018-09-10T22:04:31.042-0300</date>
  <logger>MATHEUS SILVA ARAUJO</logger>
  <level>FINE</level>
  <message>File 117210375-MATHEUS SILVA ARAUJO.zip was received. It was sent by MATHEUS SILVA ARAUJO from IP 192.168.254.104</message>
</record>
</log>
<?xml version="1.0" encoding="UTF-8" standalone="no"?>
<!DOCTYPE log SYSTEM "logger.dtd">
<log>
<record>
  <date>2018-09-10T22:21:31.412-0300</date>
  <logger>MATHEUS SILVA ARAUJO</logger>
  <level>FINE</level>
  <message>File 117210375-MATHEUS SILVA ARAUJO.zip was received. It was sent by MATHEUS SILVA ARAUJO from IP 192.168.254.104</message>
</record>
</log>
<?xml version="1.0" encoding="UTF-8" standalone="no"?>
<!DOCTYPE log SYSTEM "logger.dtd">
<log>
<record>
  <date>2018-09-10T22:22:26.273-0300</date>
  <logger>MATHEUS SILVA ARAUJO</logger>
  <level>FINE</level>
  <message>File 117210375-MATHEUS SILVA ARAUJO.zip was received. It was sent by MATHEUS SILVA ARAUJO from IP 192.168.254.104</message>
</record>
</log>
<?xml version="1.0" encoding="UTF-8" standalone="no"?>
<!DOCTYPE log SYSTEM "logger.dtd">
<log>
<record>
  <date>2018-09-10T22:25:07.792-0300</date>
  <logger>MATHEUS SILVA ARAUJO</logger>
  <level>FINE</level>
  <message>File 117210375-MATHEUS SILVA ARAUJO.zip was received. It was sent by MATHEUS SILVA ARAUJO from IP 192.168.254.104</message>
</record>
</log>
<?xml version="1.0" encoding="UTF-8" standalone="no"?>
<!DOCTYPE log SYSTEM "logger.dtd">
<log>
<record>
  <date>2018-09-10T22:26:01.677-0300</date>
  <logger>MATHEUS SILVA ARAUJO</logger>
  <level>FINE</level>
  <message>File 117210375-MATHEUS SILVA ARAUJO.zip was received. It was sent by MATHEUS SILVA ARAUJO from IP 192.168.254.104</message>
</record>
</log>
<?xml version="1.0" encoding="UTF-8" standalone="no"?>
<!DOCTYPE log SYSTEM "logger.dtd">
<log>
<record>
  <date>2018-09-10T22:26:38.994-0300</date>
  <logger>MATHEUS SILVA ARAUJO</logger>
  <level>FINE</level>
  <message>File 117210375-MATHEUS SILVA ARAUJO.zip was received. It was sent by MATHEUS SILVA ARAUJO from IP 192.168.254.104</message>
</record>
</log>
<?xml version="1.0" encoding="UTF-8" standalone="no"?>
<!DOCTYPE log SYSTEM "logger.dtd">
<log>
<record>
  <date>2018-09-10T22:29:23.148-0300</date>
  <logger>MATHEUS SILVA ARAUJO</logger>
  <level>FINE</level>
  <message>File 117210375-MATHEUS SILVA ARAUJO.zip was received. It was sent by MATHEUS SILVA ARAUJO from IP 192.168.254.104</message>
</record>
</log>
<?xml version="1.0" encoding="UTF-8" standalone="no"?>
<!DOCTYPE log SYSTEM "logger.dtd">
<log>
<record>
  <date>2018-09-10T22:52:32.442-0300</date>
  <logger>MATHEUS SILVA ARAUJO</logger>
  <level>FINE</level>
  <message>File 117210375-MATHEUS SILVA ARAUJO.zip was received. It was sent by MATHEUS SILVA ARAUJO from IP 192.168.254.104</message>
</record>
</log>
<?xml version="1.0" encoding="UTF-8" standalone="no"?>
<!DOCTYPE log SYSTEM "logger.dtd">
<log>
<record>
  <date>2018-09-10T22:57:06.983-0300</date>
  <logger>MATHEUS SILVA ARAUJO</logger>
  <level>FINE</level>
  <message>File 117210375-MATHEUS SILVA ARAUJO.zip was received. It was sent by MATHEUS SILVA ARAUJO from IP 192.168.254.104</message>
</record>
</log>
<?xml version="1.0" encoding="UTF-8" standalone="no"?>
<!DOCTYPE log SYSTEM "logger.dtd">
<log>
<record>
  <date>2018-09-10T22:59:34.977-0300</date>
  <logger>MATHEUS SILVA ARAUJO</logger>
  <level>FINE</level>
  <message>File 117210375-MATHEUS SILVA ARAUJO.zip was received. It was sent by MATHEUS SILVA ARAUJO from IP 192.168.254.104</message>
</record>
</log>
<?xml version="1.0" encoding="UTF-8" standalone="no"?>
<!DOCTYPE log SYSTEM "logger.dtd">
<log>
<record>
  <date>2018-09-10T23:02:47.120-0300</date>
  <logger>MATHEUS SILVA ARAUJO</logger>
  <level>FINE</level>
  <message>File 117210375-MATHEUS SILVA ARAUJO.zip was received. It was sent by MATHEUS SILVA ARAUJO from IP 192.168.254.104</message>
</record>
</log>
<?xml version="1.0" encoding="UTF-8" standalone="no"?>
<!DOCTYPE log SYSTEM "logger.dtd">
<log>
<record>
  <date>2018-09-10T23:04:29.324-0300</date>
  <logger>MATHEUS SILVA ARAUJO</logger>
  <level>FINE</level>
  <message>File 117210375-MATHEUS SILVA ARAUJO.zip was received. It was sent by MATHEUS SILVA ARAUJO from IP 192.168.254.104</message>
</record>
</log>
<?xml version="1.0" encoding="UTF-8" standalone="no"?>
<!DOCTYPE log SYSTEM "logger.dtd">
<log>
<record>
  <date>2018-09-10T23:14:11.377-0300</date>
  <logger>MATHEUS SILVA ARAUJO</logger>
  <level>FINE</level>
  <message>File 117210375-MATHEUS SILVA ARAUJO.zip was received. It was sent by MATHEUS SILVA ARAUJO from IP 192.168.254.104</message>
</record>
</log>
<?xml version="1.0" encoding="UTF-8" standalone="no"?>
<!DOCTYPE log SYSTEM "logger.dtd">
<log>
<record>
  <date>2018-09-10T23:25:06.444-0300</date>
  <logger>MATHEUS SILVA ARAUJO</logger>
  <level>FINE</level>
  <message>File 117210375-MATHEUS SILVA ARAUJO.zip was received. It was sent by MATHEUS SILVA ARAUJO from IP 192.168.254.104</message>
</record>
</log>
<?xml version="1.0" encoding="UTF-8" standalone="no"?>
<!DOCTYPE log SYSTEM "logger.dtd">
<log>
<record>
  <date>2018-09-10T23:51:19.520-0300</date>
  <logger>MATHEUS SILVA ARAUJO</logger>
  <level>FINE</level>
  <message>File 117210375-MATHEUS SILVA ARAUJO.zip was received. It was sent by MATHEUS SILVA ARAUJO from IP 192.168.254.104</message>
</record>
</log>
<?xml version="1.0" encoding="UTF-8" standalone="no"?>
<!DOCTYPE log SYSTEM "logger.dtd">
<log>
<record>
  <date>2018-09-10T23:58:49.395-0300</date>
  <logger>MATHEUS SILVA ARAUJO</logger>
  <level>FINE</level>
  <message>File 117210375-MATHEUS SILVA ARAUJO.zip was received. It was sent by MATHEUS SILVA ARAUJO from IP 192.168.254.104</message>
</record>
