<?xml version="1.0" encoding="UTF-8" standalone="no"?>
<!DOCTYPE log SYSTEM "logger.dtd">
<log>
<record>
  <date>2018-09-17T16:17:27.769-0300</date>
  <logger>MATHEUS SILVA ARAUJO</logger>
  <level>FINE</level>
  <message>File 117210375-MATHEUS SILVA ARAUJO.zip was received. It was sent by MATHEUS SILVA ARAUJO from IP 150.165.42.209</message>
</record>
</log>
<?xml version="1.0" encoding="UTF-8" standalone="no"?>
<!DOCTYPE log SYSTEM "logger.dtd">
<log>
<record>
  <date>2018-09-17T16:35:20.936-0300</date>
  <logger>MATHEUS SILVA ARAUJO</logger>
  <level>FINE</level>
  <message>File 117210375-MATHEUS SILVA ARAUJO.zip was received. It was sent by MATHEUS SILVA ARAUJO from IP 150.165.42.209</message>
</record>
</log>
<?xml version="1.0" encoding="UTF-8" standalone="no"?>
<!DOCTYPE log SYSTEM "logger.dtd">
<log>
<record>
  <date>2018-09-17T16:36:13.461-0300</date>
  <logger>MATHEUS SILVA ARAUJO</logger>
  <level>FINE</level>
  <message>File 117210375-MATHEUS SILVA ARAUJO.zip was received. It was sent by MATHEUS SILVA ARAUJO from IP 150.165.42.209</message>
</record>
</log>
<?xml version="1.0" encoding="UTF-8" standalone="no"?>
<!DOCTYPE log SYSTEM "logger.dtd">
<log>
<record>
  <date>2018-09-17T16:42:10.720-0300</date>
  <logger>MATHEUS SILVA ARAUJO</logger>
  <level>FINE</level>
  <message>File 117210375-MATHEUS SILVA ARAUJO.zip was received. It was sent by MATHEUS SILVA ARAUJO from IP 150.165.42.209</message>
</record>
</log>
<?xml version="1.0" encoding="UTF-8" standalone="no"?>
<!DOCTYPE log SYSTEM "logger.dtd">
<log>
<record>
  <date>2018-09-17T16:42:41.476-0300</date>
  <logger>MATHEUS SILVA ARAUJO</logger>
  <level>FINE</level>
  <message>File 117210375-MATHEUS SILVA ARAUJO.zip was received. It was sent by MATHEUS SILVA ARAUJO from IP 150.165.42.209</message>
</record>
</log>
<?xml version="1.0" encoding="UTF-8" standalone="no"?>
<!DOCTYPE log SYSTEM "logger.dtd">
<log>
<record>
  <date>2018-09-17T16:44:49.055-0300</date>
  <logger>MATHEUS SILVA ARAUJO</logger>
  <level>FINE</level>
  <message>File 117210375-MATHEUS SILVA ARAUJO.zip was received. It was sent by MATHEUS SILVA ARAUJO from IP 150.165.42.209</message>
</record>
