<?xml version="1.0" encoding="UTF-8" standalone="no"?>
<!DOCTYPE log SYSTEM "logger.dtd">
<log>
<record>
  <date>2018-09-13T14:06:20.971-0300</date>
  <logger>MATHEUS SILVA ARAUJO</logger>
  <level>FINE</level>
  <message>File 117210375-MATHEUS SILVA ARAUJO.zip was received. It was sent by MATHEUS SILVA ARAUJO from IP 150.165.42.209</message>
</record>
</log>
<?xml version="1.0" encoding="UTF-8" standalone="no"?>
<!DOCTYPE log SYSTEM "logger.dtd">
<log>
<record>
  <date>2018-09-13T14:53:29.206-0300</date>
  <logger>MATHEUS SILVA ARAUJO</logger>
  <level>FINE</level>
  <message>File 117210375-MATHEUS SILVA ARAUJO.zip was received. It was sent by MATHEUS SILVA ARAUJO from IP 150.165.42.209</message>
</record>
</log>
<?xml version="1.0" encoding="UTF-8" standalone="no"?>
<!DOCTYPE log SYSTEM "logger.dtd">
<log>
<record>
  <date>2018-09-13T14:59:43.295-0300</date>
  <logger>MATHEUS SILVA ARAUJO</logger>
  <level>FINE</level>
  <message>File 117210375-MATHEUS SILVA ARAUJO.zip was received. It was sent by MATHEUS SILVA ARAUJO from IP 150.165.42.209</message>
</record>
</log>
<?xml version="1.0" encoding="UTF-8" standalone="no"?>
<!DOCTYPE log SYSTEM "logger.dtd">
<log>
<record>
  <date>2018-09-13T15:00:21.912-0300</date>
  <logger>MATHEUS SILVA ARAUJO</logger>
  <level>FINE</level>
  <message>File 117210375-MATHEUS SILVA ARAUJO.zip was received. It was sent by MATHEUS SILVA ARAUJO from IP 150.165.42.209</message>
</record>
</log>
<?xml version="1.0" encoding="UTF-8" standalone="no"?>
<!DOCTYPE log SYSTEM "logger.dtd">
<log>
<record>
  <date>2018-09-13T15:03:39.952-0300</date>
  <logger>MATHEUS SILVA ARAUJO</logger>
  <level>FINE</level>
  <message>File 117210375-MATHEUS SILVA ARAUJO.zip was received. It was sent by MATHEUS SILVA ARAUJO from IP 150.165.42.209</message>
</record>
