<?xml version="1.0" encoding="UTF-8" standalone="no"?>
<!DOCTYPE log SYSTEM "logger.dtd">
<log>
<record>
  <date>2018-10-01T16:11:59.897-0300</date>
  <logger>MATHEUS SILVA ARAUJO</logger>
  <level>FINE</level>
  <message>File 117210375-MATHEUS SILVA ARAUJO.zip was received. It was sent by MATHEUS SILVA ARAUJO from IP 150.165.42.215</message>
</record>
</log>
<?xml version="1.0" encoding="UTF-8" standalone="no"?>
<!DOCTYPE log SYSTEM "logger.dtd">
<log>
<record>
  <date>2018-10-01T21:26:20.865-0300</date>
  <logger>MATHEUS SILVA ARAUJO</logger>
  <level>FINE</level>
  <message>File 117210375-MATHEUS SILVA ARAUJO.zip was received. It was sent by MATHEUS SILVA ARAUJO from IP 192.168.0.104</message>
</record>
</log>
<?xml version="1.0" encoding="UTF-8" standalone="no"?>
<!DOCTYPE log SYSTEM "logger.dtd">
<log>
<record>
  <date>2018-10-01T21:28:26.161-0300</date>
  <logger>MATHEUS SILVA ARAUJO</logger>
  <level>FINE</level>
  <message>File 117210375-MATHEUS SILVA ARAUJO.zip was received. It was sent by MATHEUS SILVA ARAUJO from IP 192.168.0.104</message>
</record>
